<?xml version="1.0" encoding="UTF-8"?>
<testsuite xmlns:xsi="http://www.w3.org/2001/XMLSchema-instance" xsi:noNamespaceSchemaLocation="https://maven.apache.org/surefire/maven-surefire-plugin/xsd/surefire-test-report-3.0.xsd" version="3.0" name="services.BaiduAIServiceTest" time="8.798" tests="1" errors="0" skipped="0" failures="0">
  <properties>
[...]
</properties>
  <testcase name="testGetAIResponse" classname="services.BaiduAIServiceTest" time="8.798">
    <system-out><![CDATA[API返回结果：{"id":"as-qmd2903cx8","object":"chat.completion","created":1748012040,"result":"制定一个节省支出的计划可以帮助你更好地管理你的财务，实现财务自由。以下是一个简单的节省支出的计划，你可以根据自己的实际情况进行调整和修改。\n\n一、了解你的支出\n\n首先，你需要了解你的支出情况。这包括你的固定支出（如房租、水电费、贷款等）和可变支出（如餐饮、购物、娱乐等）。你可以通过查看银行账单、信用卡账单和在线购物记录等方式来了解你的支出情况。\n\n二、设定目标和优先级\n\n在了解你的支出后，设定一些目标和优先级。确定哪些支出是必要的，哪些是可以削减的。例如，你可能需要支付房租和水电费等固定支出，但你可以减少一些不必要的购物和娱乐支出。\n\n三、制定预算\n\n根据你设定的目标和优先级，制定一个预算计划。将你的收入和支出列出来，然后尽可能减少可变支出的金额。确保你的支出不超过你的收入。\n\n四、寻找节省的方法\n\n1. 购物和餐饮：寻找更便宜的购物和餐饮选择。比如购买季节性水果和蔬菜、选择经济实惠的餐厅或自己动手做饭等。\n2. 能源和水费：检查你的能源和水费账单，看看是否有可以节省的地方。例如，调整恒温器的温度、减少用水量等。\n3. 通信和娱乐：考虑取消一些不必要的订阅和会员资格，例如视频流媒体服务或游戏订阅等。\n4. 交通：尝试步行、骑自行车或使用公共交通工具代替私家车出行，这不仅可以节省交通费用，还有助于环保。\n5. 降低负债：如果你有贷款或信用卡债务，努力偿还它们。减少高利率债务可以帮助你节省更多的钱。\n\n五、建立储蓄习惯\n\n除了削减支出外，建立储蓄习惯也非常重要。设定一个储蓄目标，并制定一个计划将一定比例的收入存入银行或投资账户中。你可以考虑自动转账或使用其他方式来确保定期存入资金。\n\n六、定期审查和调整计划\n\n定期审查你的支出计划和预算，并根据需要进行调整。生活中总会有一些变化，如收入增加或减少、突发事件等，因此你需要灵活地调整你的计划以适应这些变化。\n\n七、培养良好的消费习惯\n\n最后，培养良好的消费习惯也是节省支出的关键。学会购买有价值的物品，避免冲动购物，理智对待促销活动和折扣等。了解自己的需求和欲望，避免购买不必要的物品。\n\n通过遵循以上七个步骤并养成良好的习惯，你可以成功地节省支出并实现财务目标。记住，财务管理需要持之以恒，并不断进行调整和优化。","is_truncated":false,"need_clear_history":false,"finish_reason":"normal","usage":{"prompt_tokens":8,"completion_tokens":546,"total_tokens":554}}
]]></system-out>
  </testcase>
</testsuite>